[   19631ms] [ERROR] React has detected a change in the order of Hooks called by %s. This will lead to bugs and errors if not fixed. For more information, read the Rules of Hooks: https://react.dev/link/rules-of-hooks

   Previous render            Next render
   ------------------------------------------------------
%s   ^^^^^^^^^^^^^^^^^^^^^^^^^^^^^^^^^^^^^^^^^^^^^^^^^^^^^^
 Declarations 1. useCallback                useCallback
2. useCallback                useCallback
3. useSyncExternalStore       useSyncExternalStore
4. useDebugValue              useDebugValue
5. useCallback                useCallback
6. useCallback                useCallback
7. useSyncExternalStore       useSyncExternalStore
8. useDebugValue              useDebugValue
9. useCallback                useCallback
10. useCallback               useCallback
11. useSyncExternalStore      useSyncExternalStore
12. useDebugValue             useDebugValue
13. useState                  useState
14. useState                  useState
15. useState                  useState
16. useState                  useState
17. useState                  useState
18. useState                  useState
19. useState                  useState
20. useState                  useState
21. useEffect                 useEffect
22. undefined                 useCallback
 @ http://localhost:3000/_next/static/chunks/a3534_next_dist_4cfe85bc._.js:3127
[   19641ms] Error: Rendered more hooks than during the previous render.
    at updateWorkInProgressHook (http://localhost:3000/_next/static/chunks/a3534_next_dist_compiled_react-dom_8b4393d0._.js:4765:23)
    at updateCallback (http://localhost:3000/_next/static/chunks/a3534_next_dist_compiled_react-dom_8b4393d0._.js:5411:20)
    at Object.useCallback (http://localhost:3000/_next/static/chunks/a3534_next_dist_compiled_react-dom_8b4393d0._.js:15222:20)
    at exports.useCallback (http://localhost:3000/_next/static/chunks/a3534_next_dist_compiled_ed7add81._.js:1707:36)
    at Declarations (http://localhost:3000/_next/static/chunks/src_953e56ea._.js:4073:434)
    at Object.react_stack_bottom_frame (http://localhost:3000/_next/static/chunks/a3534_next_dist_compiled_react-dom_8b4393d0._.js:14826:24)
    at renderWithHooks (http://localhost:3000/_next/static/chunks/a3534_next_dist_compiled_react-dom_8b4393d0._.js:4651:24)
    at updateFunctionComponent (http://localhost:3000/_next/static/chunks/a3534_next_dist_compiled_react-dom_8b4393d0._.js:6112:21)
    at beginWork (http://localhost:3000/_next/static/chunks/a3534_next_dist_compiled_react-dom_8b4393d0._.js:6708:24)
    at runWithFiberInDEV (http://localhost:3000/_next/static/chunks/a3534_next_dist_compiled_react-dom_8b4393d0._.js:965:74)
    at performUnitOfWork (http://localhost:3000/_next/static/chunks/a3534_next_dist_compiled_react-dom_8b4393d0._.js:9562:97)
    at workLoopSync (http://localhost:3000/_next/static/chunks/a3534_next_dist_compiled_react-dom_8b4393d0._.js:9456:40)
    at renderRootSync (http://localhost:3000/_next/static/chunks/a3534_next_dist_compiled_react-dom_8b4393d0._.js:9440:13)
    at performWorkOnRoot (http://localhost:3000/_next/static/chunks/a3534_next_dist_compiled_react-dom_8b4393d0._.js:9105:47)
    at performSyncWorkOnRoot (http://localhost:3000/_next/static/chunks/a3534_next_dist_compiled_react-dom_8b4393d0._.js:10238:9)
    at flushSyncWorkAcrossRoots_impl (http://localhost:3000/_next/static/chunks/a3534_next_dist_compiled_react-dom_8b4393d0._.js:10154:316)
    at processRootScheduleInMicrotask (http://localhost:3000/_next/static/chunks/a3534_next_dist_compiled_react-dom_8b4393d0._.js:10175:106)
    at http://localhost:3000/_next/static/chunks/a3534_next_dist_compiled_react-dom_8b4393d0._.js:10249:158
